The system is: Windows - 10.0.19042 - AMD64
Compiling the C compiler identification source file "CMakeCCompilerId.c" succeeded.
Compiler: D:/Program Files/Microsoft Visual Studio/2019/Community/VC/Tools/MSVC/14.28.29910/bin/Hostx86/x86/cl.exe 
Build flags: 
Id flags:  

The output was:
0
用于 x86 的 Microsoft (R) C/C++ 优化编译器 19.28.29914 版
版权所有(C) Microsoft Corporation。保留所有权利。

CMakeCCompilerId.c
Microsoft (R) Incremental Linker Version 14.28.29914.0
Copyright (C) Microsoft Corporation.  All rights reserved.

/out:CMakeCCompilerId.exe 
CMakeCCompilerId.obj 


Compilation of the C compiler identification source "CMakeCCompilerId.c" produced "CMakeCCompilerId.exe"

Compilation of the C compiler identification source "CMakeCCompilerId.c" produced "CMakeCCompilerId.obj"

The C compiler identification is MSVC, found in "D:/c++/studentManager/cmake-build-debug/CMakeFiles/3.19.2/CompilerIdC/CMakeCCompilerId.exe"

Compiling the CXX compiler identification source file "CMakeCXXCompilerId.cpp" succeeded.
Compiler: D:/Program Files/Microsoft Visual Studio/2019/Community/VC/Tools/MSVC/14.28.29910/bin/Hostx86/x86/cl.exe 
Build flags: 
Id flags:  

The output was:
0
用于 x86 的 Microsoft (R) C/C++ 优化编译器 19.28.29914 版
版权所有(C) Microsoft Corporation。保留所有权利。

CMakeCXXCompilerId.cpp
Microsoft (R) Incremental Linker Version 14.28.29914.0
Copyright (C) Microsoft Corporation.  All rights reserved.

/out:CMakeCXXCompilerId.exe 
CMakeCXXCompilerId.obj 


Compilation of the CXX compiler identification source "CMakeCXXCompilerId.cpp" produced "CMakeCXXCompilerId.exe"

Compilation of the CXX compiler identification source "CMakeCXXCompilerId.cpp" produced "CMakeCXXCompilerId.obj"

The CXX compiler identification is MSVC, found in "D:/c++/studentManager/cmake-build-debug/CMakeFiles/3.19.2/CompilerIdCXX/CMakeCXXCompilerId.exe"

Detecting C compiler ABI info compiled with the following output:
Change Dir: D:/c++/studentManager/cmake-build-debug/CMakeFiles/CMakeTmp

Run Build Command(s):nmake /nologo cmTC_3ade3\fast && 	"D:\Program Files\Microsoft Visual Studio\2019\Community\VC\Tools\MSVC\14.28.29910\bin\HostX86\x86\nmake.exe"  -f CMakeFiles\cmTC_3ade3.dir\build.make /nologo -L                  CMakeFiles\cmTC_3ade3.dir\build
Building C object CMakeFiles/cmTC_3ade3.dir/CMakeCCompilerABI.c.obj
	"D:\Program Files\Microsoft Visual Studio\2019\Community\VC\Tools\MSVC\14.28.29910\bin\Hostx86\x86\cl.exe" @C:\Users\崔昌赫\AppData\Local\Temp\nm33C5.tmp
CMakeCCompilerABI.c
Linking C executable cmTC_3ade3.exe
	"D:\Program Files\CLion 2021.1.2\bin\cmake\win\bin\cmake.exe" -E vs_link_exe --intdir=CMakeFiles\cmTC_3ade3.dir --rc="D:\Windows Kits\10\bin\10.0.19041.0\x86\rc.exe" --mt="D:\Windows Kits\10\bin\10.0.19041.0\x86\mt.exe" --manifests -- "D:\Program Files\Microsoft Visual Studio\2019\Community\VC\Tools\MSVC\14.28.29910\bin\Hostx86\x86\link.exe" /nologo @CMakeFiles\cmTC_3ade3.dir\objects1.rsp @C:\Users\崔昌赫\AppData\Local\Temp\nm354C.tmp



Detecting CXX compiler ABI info compiled with the following output:
Change Dir: D:/c++/studentManager/cmake-build-debug/CMakeFiles/CMakeTmp

Run Build Command(s):nmake /nologo cmTC_34382\fast && 	"D:\Program Files\Microsoft Visual Studio\2019\Community\VC\Tools\MSVC\14.28.29910\bin\HostX86\x86\nmake.exe"  -f CMakeFiles\cmTC_34382.dir\build.make /nologo -L                  CMakeFiles\cmTC_34382.dir\build
Building CXX object CMakeFiles/cmTC_34382.dir/CMakeCXXCompilerABI.cpp.obj
	"D:\Program Files\Microsoft Visual Studio\2019\Community\VC\Tools\MSVC\14.28.29910\bin\Hostx86\x86\cl.exe" @C:\Users\崔昌赫\AppData\Local\Temp\nm37FB.tmp
CMakeCXXCompilerABI.cpp
Linking CXX executable cmTC_34382.exe
	"D:\Program Files\CLion 2021.1.2\bin\cmake\win\bin\cmake.exe" -E vs_link_exe --intdir=CMakeFiles\cmTC_34382.dir --rc="D:\Windows Kits\10\bin\10.0.19041.0\x86\rc.exe" --mt="D:\Windows Kits\10\bin\10.0.19041.0\x86\mt.exe" --manifests -- "D:\Program Files\Microsoft Visual Studio\2019\Community\VC\Tools\MSVC\14.28.29910\bin\Hostx86\x86\link.exe" /nologo @CMakeFiles\cmTC_34382.dir\objects1.rsp @C:\Users\崔昌赫\AppData\Local\Temp\nm385A.tmp



